build/app/outputs/mapping/release/mapping.txt
# compiler: R8
# compiler_version: 1.5.64
# min_api: 20
# pg_map_id: 0259f09
...
io.flutter.embedding.engine.dart.DartExecutor$DartEntrypoint -> io.flutter.embedding.engine.f.a$b:
    java.lang.String pathToBundle -> a
    java.lang.String dartEntrypointFunctionName -> c
    java.lang.String dartEntrypointLibrary -> b
io.flutter.embedding.engine.dart.DartExecutor$DefaultBinaryMessenger -> io.flutter.embedding.engine.f.a$c:
    io.flutter.embedding.engine.dart.DartMessenger messenger -> a
    void send(java.lang.String,java.nio.ByteBuffer) -> a
    void send(java.lang.String,java.nio.ByteBuffer,io.flutter.plugin.common.BinaryMessenger$BinaryReply) -> a
    void setMessageHandler(java.lang.String,io.flutter.plugin.common.BinaryMessenger$BinaryMessageHandler) -> a
io.flutter.embedding.engine.dart.DartExecutor$IsolateServiceIdListener -> io.flutter.embedding.engine.f.a$d:
    void onIsolateServiceIdAvailable(java.lang.String) -> a
io.flutter.embedding.engine.dart.DartMessenger -> io.flutter.embedding.engine.f.b:
    io.flutter.embedding.engine.FlutterJNI flutterJNI -> a
    java.util.Map messageHandlers -> b
    java.util.Map pendingReplies -> c
    int nextReplyId -> d
    void handleError(java.lang.Error) -> a
    void handleMessageFromDart(java.lang.String,java.nio.ByteBuffer,int) -> a
    void handlePlatformMessageResponse(int,java.nio.ByteBuffer) -> a
    void send(java.lang.String,java.nio.ByteBuffer) -> a
    void send(java.lang.String,java.nio.ByteBuffer,io.flutter.plugin.common.BinaryMessenger$BinaryReply) -> a
    void setMessageHandler(java.lang.String,io.flutter.plugin.common.BinaryMessenger$BinaryMessageHandler) -> a
io.flutter.embedding.engine.dart.DartMessenger$Reply -> io.flutter.embedding.engine.f.b$a:
    io.flutter.embedding.engine.FlutterJNI flutterJNI -> a
    java.util.concurrent.atomic.AtomicBoolean done -> c
    int replyId -> b
    void reply(java.nio.ByteBuffer) -> a
io.flutter.embedding.engine.dart.PlatformMessageHandler -> io.flutter.embedding.engine.f.c:
    void handleMessageFromDart(java.lang.String,java.nio.ByteBuffer,int) -> a
    void handlePlatformMessageResponse(int,java.nio.ByteBuffer) -> a
io.flutter.embedding.engine.deferredcomponents.DeferredComponentManager -> io.flutter.embedding.engine.g.a:
    void destroy() -> a
    java.lang.String getDeferredComponentInstallState(int,java.lang.String) -> a
    void setDeferredComponentChannel(io.flutter.embedding.engine.systemchannels.DeferredComponentChannel) -> a
    void setJNI(io.flutter.embedding.engine.FlutterJNI) -> a
    void installDeferredComponent(int,java.lang.String) -> b
    boolean uninstallDeferredComponent(int,java.lang.String) -> c
io.flutter.embedding.engine.loader.ApplicationInfoLoader -> io.flutter.embedding.engine.h.a:
    java.lang.String PUBLIC_AOT_SHARED_LIBRARY_NAME -> a
    java.lang.String PUBLIC_ISOLATE_SNAPSHOT_DATA_KEY -> c
    java.lang.String PUBLIC_VM_SNAPSHOT_DATA_KEY -> b
    java.lang.String PUBLIC_FLUTTER_ASSETS_DIR_KEY -> d
    android.content.pm.ApplicationInfo getApplicationInfo(android.content.Context) -> a
    boolean getBoolean(android.os.Bundle,java.lang.String,boolean) -> a
    java.lang.String getNetworkPolicy(android.content.pm.ApplicationInfo,android.content.Context) -> a
    java.lang.String getString(android.os.Bundle,java.lang.String) -> a
    void parseDomain(android.content.res.XmlResourceParser,org.json.JSONArray,boolean) -> a
    void skipTag(android.content.res.XmlResourceParser) -> a
    io.flutter.embedding.engine.loader.FlutterApplicationInfo load(android.content.Context) -> b
    void parseDomainConfig(android.content.res.XmlResourceParser,org.json.JSONArray,boolean) -> b
io.flutter.embedding.engine.loader.FlutterApplicationInfo -> io.flutter.embedding.engine.h.b:
    boolean automaticallyRegisterPlugins -> e
    java.lang.String aotSharedLibraryName -> a
    java.lang.String domainNetworkPolicy -> c
    java.lang.String flutterAssetsDir -> b
    java.lang.String nativeLibraryDir -> d